[ 2024-07-14 02:07:24,568 ] 96 werkzeug - WARNING -  * Debugger is active!
[ 2024-07-14 02:07:24,577 ] 96 werkzeug - INFO -  * Debugger PIN: 456-053-303
[ 2024-07-14 02:07:40,889 ] 92 root - INFO - Entered initiate_data_ingestion method of Data_Ingestion class
[ 2024-07-14 02:07:40,889 ] 60 root - INFO - Exporting data from mongodb
[ 2024-07-14 02:08:16,063 ] 69 root - INFO - Saving exported data into feature store file path: artifacts
[ 2024-07-14 02:08:25,464 ] 96 werkzeug - INFO - 127.0.0.1 - - [14/Jul/2024 02:08:25] "GET / HTTP/1.1" 200 -
[ 2024-07-14 02:08:26,242 ] 96 werkzeug - INFO - 127.0.0.1 - - [14/Jul/2024 02:08:26] "[33mGET /favicon.ico HTTP/1.1[0m" 404 -
[ 2024-07-14 02:08:30,074 ] 98 root - INFO - Got the data from mongodb
[ 2024-07-14 02:08:30,075 ] 101 root - INFO - Exited initiate_data_ingestion method of Data_Ingestion class
[ 2024-07-14 02:08:30,291 ] 99 root - INFO - Entered initiate_data_transformation method of Data_Transformation class
[ 2024-07-14 02:08:43,457 ] 92 root - INFO - Entered initiate_data_ingestion method of Data_Ingestion class
[ 2024-07-14 02:08:43,818 ] 60 root - INFO - Exporting data from mongodb
[ 2024-07-14 02:08:52,328 ] 96 werkzeug - INFO - 127.0.0.1 - - [14/Jul/2024 02:08:52] "[35m[1mGET /train HTTP/1.1[0m" 500 -
[ 2024-07-14 02:08:52,705 ] 92 root - INFO - Entered initiate_data_ingestion method of Data_Ingestion class
[ 2024-07-14 02:08:52,705 ] 60 root - INFO - Exporting data from mongodb
[ 2024-07-14 02:09:18,393 ] 69 root - INFO - Saving exported data into feature store file path: artifacts
[ 2024-07-14 02:09:35,126 ] 69 root - INFO - Saving exported data into feature store file path: artifacts
[ 2024-07-14 02:09:48,614 ] 98 root - INFO - Got the data from mongodb
[ 2024-07-14 02:09:48,616 ] 101 root - INFO - Exited initiate_data_ingestion method of Data_Ingestion class
[ 2024-07-14 02:09:48,616 ] 99 root - INFO - Entered initiate_data_transformation method of Data_Transformation class
[ 2024-07-14 02:10:05,373 ] 98 root - INFO - Got the data from mongodb
[ 2024-07-14 02:10:05,373 ] 101 root - INFO - Exited initiate_data_ingestion method of Data_Ingestion class
[ 2024-07-14 02:10:05,373 ] 99 root - INFO - Entered initiate_data_transformation method of Data_Transformation class
[ 2024-07-14 02:10:26,599 ] 96 werkzeug - INFO - 127.0.0.1 - - [14/Jul/2024 02:10:26] "[35m[1mGET /train HTTP/1.1[0m" 500 -
[ 2024-07-14 02:10:43,429 ] 96 werkzeug - INFO - 127.0.0.1 - - [14/Jul/2024 02:10:43] "[35m[1mGET /train HTTP/1.1[0m" 500 -
[ 2024-07-14 02:17:43,634 ] 96 werkzeug - INFO -  * Detected change in 'D:\\Data Science\\Wafer_fault_detection_project\\Wafer_fault_detection\\sensor2-main\\src\\constant\\__init__.py', reloading
